<?xml version="1.0" encoding="UTF-8"?>
<!-- Generated by org.testng.reporters.JUnitReportReporter -->
<testsuite hostname="DESKTOP-0I8AHN0" failures="0" tests="2" name="com.juaracoding.pageobject.TestRunner" time="123.057" errors="0" timestamp="2022-08-29T18:52:01 WIB" skipped="0">
  <testcase classname="com.juaracoding.pageobject.TestRunner" name="runScenario" time="55.071"/>
  <system-out/>
  <testcase classname="com.juaracoding.pageobject.TestRunner" name="runScenario" time="67.986"/>
  <system-out/>
</testsuite> <!-- com.juaracoding.pageobject.TestRunner -->
