<?xml version="1.0" encoding="UTF-8"?>
<!-- Generated by org.testng.reporters.JUnitReportReporter -->
<testsuite hostname="DESKTOP-0I8AHN0" failures="0" tests="4" name="com.juaracoding.pageobject.TestRunnerOne" time="321.267" errors="0" timestamp="2022-09-01T18:41:14 WIB" skipped="0">
  <testcase classname="com.juaracoding.pageobject.TestRunnerOne" name="runScenario" time="17.203"/>
  <system-out/>
  <testcase classname="com.juaracoding.pageobject.TestRunnerOne" name="runScenario" time="153.495"/>
  <system-out/>
  <testcase classname="com.juaracoding.pageobject.TestRunnerOne" name="runScenario" time="20.537"/>
  <system-out/>
  <testcase classname="com.juaracoding.pageobject.TestRunnerOne" name="runScenario" time="130.032"/>
  <system-out/>
</testsuite> <!-- com.juaracoding.pageobject.TestRunnerOne -->
