<?xml version="1.0" encoding="UTF-8"?>
<!-- Generated by org.testng.reporters.JUnitReportReporter -->
<testsuite hostname="LAPTOP-QBTCVFMP" failures="0" tests="1" name="com.juaracoding.pageobject.TestModal" time="0.940" errors="0" timestamp="2022-08-20T17:58:11 WIB" skipped="0">
  <testcase classname="com.juaracoding.pageobject.TestModal" name="testModal" time="0.940"/>
  <system-out/>
</testsuite> <!-- com.juaracoding.pageobject.TestModal -->
