<?xml version="1.0" encoding="UTF-8"?>
<!-- Generated by org.testng.reporters.JUnitReportReporter -->
<testsuite hostname="LAPTOP-QBTCVFMP" failures="0" tests="1" name="com.juaracoding.pageobject.TestFrame" time="3.440" errors="0" timestamp="2022-08-16T20:16:49 WIB" skipped="0">
  <testcase classname="com.juaracoding.pageobject.TestFrame" name="testFrame" time="3.440"/>
  <system-out/>
</testsuite> <!-- com.juaracoding.pageobject.TestFrame -->
