<?xml version="1.0" encoding="UTF-8"?>
<!-- Generated by org.testng.reporters.JUnitReportReporter -->
<testsuite hostname="DESKTOP-0I8AHN0" failures="0" tests="3" name="com.juaracoding.pageobject.TestCheckOut" time="79.106" errors="0" timestamp="2022-09-28T13:09:25 WIB" skipped="0">
  <testcase classname="com.juaracoding.pageobject.TestCheckOut" name="testLogin" time="18.407"/>
  <system-out/>
  <testcase classname="com.juaracoding.pageobject.TestCheckOut" name="testWishlist" time="9.397"/>
  <system-out/>
  <testcase classname="com.juaracoding.pageobject.TestCheckOut" name="testWishlist1" time="51.302"/>
  <system-out/>
</testsuite> <!-- com.juaracoding.pageobject.TestCheckOut -->
