<?xml version="1.0" encoding="UTF-8"?>
<!-- Generated by org.testng.reporters.JUnitReportReporter -->
<testsuite hostname="DESKTOP-0I8AHN0" failures="0" tests="1" name="com.juaracoding.pageobject.TestLoginSiloam" time="0.361" errors="0" timestamp="2022-08-27T22:31:00 WIB" skipped="0">
  <testcase classname="com.juaracoding.pageobject.TestLoginSiloam" name="testValidLogin" time="0.361"/>
  <system-out/>
</testsuite> <!-- com.juaracoding.pageobject.TestLoginSiloam -->
