<?xml version="1.0" encoding="UTF-8"?>
<!-- Generated by org.testng.reporters.JUnitReportReporter -->
<testsuite hostname="LAPTOP-QBTCVFMP" failures="0" tests="2" name="com.juaracoding.pageobject.TestAlert" time="9.865" errors="0" timestamp="2022-08-16T21:17:30 WIB" skipped="0">
  <testcase classname="com.juaracoding.pageobject.TestAlert" name="testAlertTwo" time="3.431"/>
  <system-out/>
  <testcase classname="com.juaracoding.pageobject.TestAlert" name="testAlertOne" time="6.434"/>
  <system-out/>
</testsuite> <!-- com.juaracoding.pageobject.TestAlert -->
