<?xml version="1.0" encoding="UTF-8"?>
<!-- Generated by org.testng.reporters.JUnitReportReporter -->
<testsuite hostname="DESKTOP-0I8AHN0" failures="0" tests="2" name="com.juaracoding.pageobject.TestSampleWishlist" time="35.970" errors="0" timestamp="2022-09-01T17:41:35 WIB" skipped="0">
  <testcase classname="com.juaracoding.pageobject.TestSampleWishlist" name="testWishlist1" time="33.612"/>
  <system-out/>
  <testcase classname="com.juaracoding.pageobject.TestSampleWishlist" name="testWishlist" time="2.358"/>
  <system-out/>
</testsuite> <!-- com.juaracoding.pageobject.TestSampleWishlist -->
